<?xml version="1.0" encoding="UTF-8"?>
<!-- Generated by org.testng.reporters.JUnitReportReporter -->
<testsuite hostname="WINDOWS-BQKBTT7" name="com.pack.home.TestExecution.TestRun" tests="2" failures="0" timestamp="2 Mar 2018 07:00:49 GMT" time="7.774" errors="0">
  <testcase name="login" time="6.416" classname="com.pack.home.TestExecution.TestRun"/>
  <testcase name="logout" time="1.358" classname="com.pack.home.TestExecution.TestRun"/>
</testsuite> <!-- com.pack.home.TestExecution.TestRun -->
